<?xml version="1.0" encoding="UTF-8"?>
<!-- Generated by org.testng.reporters.JUnitReportReporter -->
<testsuite hostname="KELLGGNLPTP1605" name="day5.DataDrivenFrameWork" tests="1" failures="0" timestamp="4 Jun 2024 07:36:04 GMT" time="0.647" errors="0">
  <testcase name="readExcelFile" time="0.647" classname="day5.DataDrivenFrameWork"/>
</testsuite> <!-- day5.DataDrivenFrameWork -->
