<?xml version="1.0" encoding="UTF-8"?>
<!-- Generated by org.testng.reporters.JUnitReportReporter -->
<testsuite hostname="DESKTOP-DTUKDDQ" failures="0" tests="1" name="data.drive.framwork.ValidateLoginFunctionality" time="4.992" errors="0" timestamp="2024-06-21T02:04:04 GMT-07:00" skipped="0">
  <testcase classname="data.drive.framwork.ValidateLoginFunctionality" name="loginFunctionality" time="4.992"/>
</testsuite> <!-- data.drive.framwork.ValidateLoginFunctionality -->
