<?xml version="1.0" encoding="UTF-8"?>
<!-- Generated by org.testng.reporters.JUnitReportReporter -->
<testsuite hostname="KELLGGNLPTP1605" name="data.drive.framwork.ValidateLoginFunctionality" tests="1" failures="0" timestamp="4 Jun 2024 16:25:57 GMT" time="10.710" errors="0">
  <testcase name="loginFunctionality" time="10.710" classname="data.drive.framwork.ValidateLoginFunctionality"/>
</testsuite> <!-- data.drive.framwork.ValidateLoginFunctionality -->
