<?xml version="1.0" encoding="UTF-8"?>
<!-- Generated by org.testng.reporters.JUnitReportReporter -->
<testsuite hostname="KELLGGNLPTP1605" name="day4.TakeScreenShotofSpecificElement" tests="1" failures="0" timestamp="3 Jun 2024 16:14:51 GMT" time="7.348" errors="0">
  <testcase name="takeSpecificElementScreenShot" time="7.348" classname="day4.TakeScreenShotofSpecificElement"/>
</testsuite> <!-- day4.TakeScreenShotofSpecificElement -->
