<?xml version="1.0" encoding="UTF-8"?>
<!-- Generated by org.testng.reporters.JUnitReportReporter -->
<testsuite hostname="DESKTOP-DTUKDDQ" failures="0" tests="1" name="SampleLogin" time="4.877" errors="0" timestamp="2025-05-10T22:15:37 GMT-07:00" skipped="0">
  <testcase classname="SampleLogin" name="testLogin" time="4.877"/>
</testsuite> <!-- SampleLogin -->
