<?xml version="1.0" encoding="UTF-8"?>
<!-- Generated by org.testng.reporters.JUnitReportReporter -->
<testsuite hostname="DESKTOP-DTUKDDQ" failures="0" tests="1" name="duc.april.LoginSauce" time="17.650" errors="0" timestamp="2024-06-21T08:12:40 GMT-07:00" skipped="0">
  <testcase classname="duc.april.LoginSauce" name="loginPage" time="17.650"/>
</testsuite> <!-- duc.april.LoginSauce -->
