<?xml version="1.0" encoding="UTF-8"?>
<!-- Generated by org.testng.reporters.JUnitReportReporter -->
<testsuite hostname="KELLGGNLPTP1605" name="com.obv.pages.BasePage" tests="1" failures="0" timestamp="18 Apr 2024 04:52:00 GMT" time="22.484" errors="0">
  <testcase name="m1" time="22.484" classname="com.obv.pages.BasePage"/>
</testsuite> <!-- com.obv.pages.BasePage -->
