<?xml version="1.0" encoding="UTF-8"?>
<!-- Generated by org.testng.reporters.JUnitReportReporter -->
<testsuite hostname="KELLGGNLPTP1605" name="com.obv.pages.HomePage" tests="1" failures="0" timestamp="16 Apr 2024 10:49:49 GMT" time="10.011" errors="0">
  <testcase name="lauchBrowser" time="10.011" classname="com.obv.pages.HomePage"/>
</testsuite> <!-- com.obv.pages.HomePage -->
