<?xml version="1.0" encoding="UTF-8"?>
<!-- Generated by org.testng.reporters.JUnitReportReporter -->
<testsuite hostname="KELLGGNLPTP1605" name="com.automation.test.SecondTest" tests="1" failures="0" timestamp="25 Apr 2024 09:31:57 GMT" time="19.159" errors="0">
  <testcase name="m2" time="19.159" classname="com.automation.test.SecondTest"/>
</testsuite> <!-- com.automation.test.SecondTest -->
