<?xml version="1.0" encoding="UTF-8"?>
<!-- Generated by org.testng.reporters.JUnitReportReporter -->
<testsuite hostname="KELLGGNLPTP1605" name="program.Rectangle" tests="2" failures="0" timestamp="17 Apr 2024 13:38:08 GMT" time="0.023" errors="0">
  <testcase name="m1" time="0.003" classname="program.Rectangle"/>
  <testcase name="m2" time="0.020" classname="program.Rectangle"/>
</testsuite> <!-- program.Rectangle -->
