<?xml version="1.0" encoding="UTF-8"?>
<!-- Generated by org.testng.reporters.JUnitReportReporter -->
<testsuite hostname="KELLGGNLPTP1605" name="com.automation.pages.TitleVerify" tests="1" failures="0" timestamp="21 May 2024 15:01:23 GMT" time="20.110" errors="0">
  <testcase name="m1" time="20.110" classname="com.automation.pages.TitleVerify"/>
</testsuite> <!-- com.automation.pages.TitleVerify -->
