<?xml version="1.0" encoding="UTF-8"?>
<!-- Generated by org.testng.reporters.JUnitReportReporter -->
<testsuite hostname="KELLGGNLPTP1605" name="day4.UploadFileBySikuli" tests="1" failures="0" timestamp="3 Jun 2024 12:13:16 GMT" time="9.166" errors="0">
  <testcase name="launchBrowser" time="9.166" classname="day4.UploadFileBySikuli"/>
</testsuite> <!-- day4.UploadFileBySikuli -->
