<?xml version="1.0" encoding="UTF-8"?>
<!-- Generated by org.testng.reporters.JUnitReportReporter -->
<testsuite hostname="KELLGGNLPTP1605" name="day3.webelementintractionpart2.WebTableHandle" tests="1" failures="0" timestamp="31 May 2024 16:52:32 GMT" time="13.582" errors="0">
  <testcase name="webTabltTest" time="13.582" classname="day3.webelementintractionpart2.WebTableHandle"/>
</testsuite> <!-- day3.webelementintractionpart2.WebTableHandle -->
