<?xml version="1.0" encoding="UTF-8"?>
<!-- Generated by org.testng.reporters.JUnitReportReporter -->
<testsuite hostname="KELLGGNLPTP1605" name="day3.webelementintractionpart2.TestNgAnnotation" tests="1" failures="0" timestamp="1 Jun 2024 15:41:54 GMT" time="0.008" errors="0">
  <testcase name="testCase1" time="0.008" classname="day3.webelementintractionpart2.TestNgAnnotation"/>
</testsuite> <!-- day3.webelementintractionpart2.TestNgAnnotation -->
