<?xml version="1.0" encoding="UTF-8"?>
<!-- Generated by org.testng.reporters.JUnitReportReporter -->
<testsuite hostname="KELLGGNLPTP1605" name="day3.webelementintractionpart2.ScrollingWindow" tests="1" failures="0" timestamp="1 Jun 2024 16:46:47 GMT" time="5.258" errors="0">
  <testcase name="scrollWindow" time="5.258" classname="day3.webelementintractionpart2.ScrollingWindow"/>
</testsuite> <!-- day3.webelementintractionpart2.ScrollingWindow -->
