<?xml version="1.0" encoding="UTF-8"?>
<!-- Generated by org.testng.reporters.JUnitReportReporter -->
<testsuite hostname="DESKTOP-DTUKDDQ" failures="0" tests="1" name="excel.utility.TestExcelWriter" time="1.087" errors="0" timestamp="2025-06-30T00:06:07 IST" skipped="0">
  <testcase classname="excel.utility.TestExcelWriter" name="loginTest" time="1.087"/>
</testsuite> <!-- excel.utility.TestExcelWriter -->
