<?xml version="1.0" encoding="UTF-8"?>
<!-- Generated by org.testng.reporters.JUnitReportReporter -->
<testsuite hostname="KELLGGNLPTP1605" name="com.obv.test.SecondTest" tests="1" failures="0" timestamp="20 Apr 2024 20:03:23 GMT" time="10.735" errors="0">
  <testcase name="m2" time="10.735" classname="com.obv.test.SecondTest"/>
</testsuite> <!-- com.obv.test.SecondTest -->
