<?xml version="1.0" encoding="UTF-8"?>
<!-- Generated by org.testng.reporters.JUnitReportReporter -->
<testsuite hostname="KELLGGNLPTP1605" name="day4.TakeFullScreenShot" tests="1" failures="0" timestamp="3 Jun 2024 15:04:32 GMT" time="15.961" errors="0">
  <testcase name="fullScreenShot" time="15.961" classname="day4.TakeFullScreenShot"/>
</testsuite> <!-- day4.TakeFullScreenShot -->
