<?xml version="1.0" encoding="UTF-8"?>
<!-- Generated by org.testng.reporters.JUnitReportReporter -->
<testsuite hostname="DESKTOP-DTUKDDQ" failures="0" tests="1" name="FaceBookTest" time="7.753" errors="0" timestamp="2025-05-12T09:11:29 GMT-07:00" skipped="0">
  <testcase classname="FaceBookTest" name="getLogin" time="7.753"/>
</testsuite> <!-- FaceBookTest -->
