<?xml version="1.0" encoding="UTF-8"?>
<!-- Generated by org.testng.reporters.JUnitReportReporter -->
<testsuite hostname="KELLGGNLPTP1605" name="day5.ExtentReportExp" tests="1" failures="0" timestamp="5 Jun 2024 08:41:06 GMT" time="4.225" errors="0">
  <testcase name="report" time="4.225" classname="day5.ExtentReportExp"/>
</testsuite> <!-- day5.ExtentReportExp -->
