<?xml version="1.0" encoding="UTF-8"?>
<!-- Generated by org.testng.reporters.JUnitReportReporter -->
<testsuite hostname="KELLGGNLPTP1605" name="day3.webelementintractionpart2.Listener1" tests="2" failures="0" timestamp="1 Jun 2024 17:29:15 GMT" time="0.011" errors="0">
  <testcase name="empName" time="0.001" classname="day3.webelementintractionpart2.Listener1"/>
  <testcase name="empAddress" time="0.010" classname="day3.webelementintractionpart2.Listener1"/>
</testsuite> <!-- day3.webelementintractionpart2.Listener1 -->
