<?xml version="1.0" encoding="UTF-8"?>
<!-- Generated by org.testng.reporters.JUnitReportReporter -->
<testsuite hostname="KELLGGNLPTP1605" name="day3.webelementintractionpart2.Listener2" tests="2" failures="0" timestamp="1 Jun 2024 17:29:15 GMT" time="0.003" errors="0">
  <testcase name="empAge" time="0.001" classname="day3.webelementintractionpart2.Listener2"/>
  <testcase name="empCity" time="0.002" classname="day3.webelementintractionpart2.Listener2"/>
</testsuite> <!-- day3.webelementintractionpart2.Listener2 -->
